<?xml version="1.0" encoding="UTF-8" ?>
<testsuite tests="2" failures="1" name="com.crm.qa.testcases.LoginPageTest" time="15.229" errors="0" skipped="1">
  <properties>
[...]
</properties>
  <testcase classname="com.crm.qa.testcases.LoginPageTest" name="setUp" time="7.613">
    <failure message="session not created: This version of ChromeDriver only supports Chrome version 80
Build info: version: &apos;3.141.59&apos;, revision: &apos;e82be7d358&apos;, time: &apos;2018-11-14T08:17:03&apos;
System info: host: &apos;LAPTOP-BAL6UUBN&apos;, ip: &apos;192.168.43.185&apos;, os.name: &apos;Windows 10&apos;, os.arch: &apos;amd64&apos;, os.version: &apos;10.0&apos;, java.version: &apos;1.8.0_231&apos;
Driver info: driver.version: ChromeDriver
remote stacktrace: Backtrace:
	Ordinal0 [0x00360C83+1707139]
	Ordinal0 [0x002C68F1+1075441]
	Ordinal0 [0x0023DFC9+516041]
	Ordinal0 [0x001D0554+66900]
	Ordinal0 [0x001CCCE2+52450]
	Ordinal0 [0x001EBFD7+180183]
	Ordinal0 [0x001EBDDD+179677]
	Ordinal0 [0x001E9D4B+171339]
	Ordinal0 [0x001D1D4A+73034]
	Ordinal0 [0x001D2DC0+77248]
	Ordinal0 [0x001D2D59+77145]
	Ordinal0 [0x002DBB67+1162087]
	GetHandleVerifier [0x003FA966+508998]
	GetHandleVerifier [0x003FA6A4+508292]
	GetHandleVerifier [0x0040F7B7+594583]
	GetHandleVerifier [0x003FB1D6+511158]
	Ordinal0 [0x002D402C+1130540]
	Ordinal0 [0x002DD4CB+1168587]
	Ordinal0 [0x002DD633+1168947]
	Ordinal0 [0x002F5B35+1268533]
	BaseThreadInitThunk [0x77606359+25]
	RtlGetAppContainerNamedObjectPath [0x77D17C24+228]
	RtlGetAppContainerNamedObjectPath [0x77D17BF4+180]
" type="org.openqa.selenium.SessionNotCreatedException">org.openqa.selenium.SessionNotCreatedException: session not created: This version of ChromeDriver only supports Chrome version 80
Build info: version: &apos;3.141.59&apos;, revision: &apos;e82be7d358&apos;, time: &apos;2018-11-14T08:17:03&apos;
System info: host: &apos;LAPTOP-BAL6UUBN&apos;, ip: &apos;192.168.43.185&apos;, os.name: &apos;Windows 10&apos;, os.arch: &apos;amd64&apos;, os.version: &apos;10.0&apos;, java.version: &apos;1.8.0_231&apos;
Driver info: driver.version: ChromeDriver
remote stacktrace: Backtrace:
	Ordinal0 [0x00360C83+1707139]
	Ordinal0 [0x002C68F1+1075441]
	Ordinal0 [0x0023DFC9+516041]
	Ordinal0 [0x001D0554+66900]
	Ordinal0 [0x001CCCE2+52450]
	Ordinal0 [0x001EBFD7+180183]
	Ordinal0 [0x001EBDDD+179677]
	Ordinal0 [0x001E9D4B+171339]
	Ordinal0 [0x001D1D4A+73034]
	Ordinal0 [0x001D2DC0+77248]
	Ordinal0 [0x001D2D59+77145]
	Ordinal0 [0x002DBB67+1162087]
	GetHandleVerifier [0x003FA966+508998]
	GetHandleVerifier [0x003FA6A4+508292]
	GetHandleVerifier [0x0040F7B7+594583]
	GetHandleVerifier [0x003FB1D6+511158]
	Ordinal0 [0x002D402C+1130540]
	Ordinal0 [0x002DD4CB+1168587]
	Ordinal0 [0x002DD633+1168947]
	Ordinal0 [0x002F5B35+1268533]
	BaseThreadInitThunk [0x77606359+25]
	RtlGetAppContainerNamedObjectPath [0x77D17C24+228]
	RtlGetAppContainerNamedObjectPath [0x77D17BF4+180]

	at sun.reflect.NativeConstructorAccessorImpl.newInstance0(Native Method)
	at sun.reflect.NativeConstructorAccessorImpl.newInstance(NativeConstructorAccessorImpl.java:62)
	at sun.reflect.DelegatingConstructorAccessorImpl.newInstance(DelegatingConstructorAccessorImpl.java:45)
	at java.lang.reflect.Constructor.newInstance(Constructor.java:423)
	at org.openqa.selenium.remote.W3CHandshakeResponse.lambda$errorHandler$0(W3CHandshakeResponse.java:62)
	at org.openqa.selenium.remote.HandshakeResponse.lambda$getResponseFunction$0(HandshakeResponse.java:30)
	at org.openqa.selenium.remote.ProtocolHandshake.lambda$createSession$0(ProtocolHandshake.java:126)
	at java.util.stream.ReferencePipeline$3$1.accept(ReferencePipeline.java:193)
	at java.util.Spliterators$ArraySpliterator.tryAdvance(Spliterators.java:958)
	at java.util.stream.ReferencePipeline.forEachWithCancel(ReferencePipeline.java:126)
	at java.util.stream.AbstractPipeline.copyIntoWithCancel(AbstractPipeline.java:499)
	at java.util.stream.AbstractPipeline.copyInto(AbstractPipeline.java:486)
	at java.util.stream.AbstractPipeline.wrapAndCopyInto(AbstractPipeline.java:472)
	at java.util.stream.FindOps$FindOp.evaluateSequential(FindOps.java:152)
	at java.util.stream.AbstractPipeline.evaluate(AbstractPipeline.java:234)
	at java.util.stream.ReferencePipeline.findFirst(ReferencePipeline.java:464)
	at org.openqa.selenium.remote.ProtocolHandshake.createSession(ProtocolHandshake.java:128)
	at org.openqa.selenium.remote.ProtocolHandshake.createSession(ProtocolHandshake.java:74)
	at org.openqa.selenium.remote.HttpCommandExecutor.execute(HttpCommandExecutor.java:136)
	at org.openqa.selenium.remote.service.DriverCommandExecutor.execute(DriverCommandExecutor.java:83)
	at org.openqa.selenium.remote.RemoteWebDriver.execute(RemoteWebDriver.java:552)
	at org.openqa.selenium.remote.RemoteWebDriver.startSession(RemoteWebDriver.java:213)
	at org.openqa.selenium.remote.RemoteWebDriver.&lt;init&gt;(RemoteWebDriver.java:131)
	at org.openqa.selenium.chrome.ChromeDriver.&lt;init&gt;(ChromeDriver.java:181)
	at org.openqa.selenium.chrome.ChromeDriver.&lt;init&gt;(ChromeDriver.java:168)
	at org.openqa.selenium.chrome.ChromeDriver.&lt;init&gt;(ChromeDriver.java:123)
	at com.crm.qa.base.TestBase.initialisation(TestBase.java:36)
	at com.crm.qa.testcases.LoginPageTest.setUp(LoginPageTest.java:19)
</failure>
    <system-out>Configuring TestNG with: org.apache.maven.surefire.testng.conf.TestNG652Configurator@1963006a
</system-out>
    <system-err>java.io.FileNotFoundException: C:\Eclipse\Java Programs\FreeCRMTest\src\main\java\com\crm+qa\config\config.properties (The system cannot find the path specified)
	at java.io.FileInputStream.open0(Native Method)
	at java.io.FileInputStream.open(FileInputStream.java:195)
	at java.io.FileInputStream.&lt;init&gt;(FileInputStream.java:138)
	at java.io.FileInputStream.&lt;init&gt;(FileInputStream.java:93)
	at com.crm.qa.base.TestBase.&lt;init&gt;(TestBase.java:21)
	at com.crm.qa.testcases.LoginPageTest.&lt;init&gt;(LoginPageTest.java:13)
	at sun.reflect.NativeConstructorAccessorImpl.newInstance0(Native Method)
	at sun.reflect.NativeConstructorAccessorImpl.newInstance(NativeConstructorAccessorImpl.java:62)
	at sun.reflect.DelegatingConstructorAccessorImpl.newInstance(DelegatingConstructorAccessorImpl.java:45)
	at java.lang.reflect.Constructor.newInstance(Constructor.java:423)
	at org.testng.internal.ObjectFactoryImpl.newInstance(ObjectFactoryImpl.java:24)
	at org.testng.internal.ClassHelper.createInstance1(ClassHelper.java:423)
	at org.testng.internal.ClassHelper.createInstance(ClassHelper.java:336)
	at org.testng.internal.ClassImpl.getDefaultInstance(ClassImpl.java:125)
	at org.testng.internal.ClassImpl.getInstances(ClassImpl.java:190)
	at org.testng.TestClass.getInstances(TestClass.java:95)
	at org.testng.TestClass.initTestClassesAndInstances(TestClass.java:81)
	at org.testng.TestClass.init(TestClass.java:73)
	at org.testng.TestClass.&lt;init&gt;(TestClass.java:38)
	at org.testng.TestRunner.initMethods(TestRunner.java:389)
	at org.testng.TestRunner.init(TestRunner.java:271)
	at org.testng.TestRunner.init(TestRunner.java:241)
	at org.testng.TestRunner.&lt;init&gt;(TestRunner.java:167)
	at org.testng.SuiteRunner$DefaultTestRunnerFactory.newTestRunner(SuiteRunner.java:663)
	at org.testng.SuiteRunner.init(SuiteRunner.java:260)
	at org.testng.SuiteRunner.&lt;init&gt;(SuiteRunner.java:198)
	at org.testng.TestNG.createSuiteRunner(TestNG.java:1295)
	at org.testng.TestNG.createSuiteRunners(TestNG.java:1273)
	at org.testng.TestNG.runSuitesLocally(TestNG.java:1128)
	at org.testng.TestNG.runSuites(TestNG.java:1049)
	at org.testng.TestNG.run(TestNG.java:1017)
	at org.apache.maven.surefire.testng.TestNGExecutor.run(TestNGExecutor.java:77)
	at org.apache.maven.surefire.testng.TestNGDirectoryTestSuite.execute(TestNGDirectoryTestSuite.java:110)
	at org.apache.maven.surefire.testng.TestNGProvider.invoke(TestNGProvider.java:106)
	at sun.reflect.NativeMethodAccessorImpl.invoke0(Native Method)
	at sun.reflect.NativeMethodAccessorImpl.invoke(NativeMethodAccessorImpl.java:62)
	at sun.reflect.DelegatingMethodAccessorImpl.invoke(DelegatingMethodAccessorImpl.java:43)
	at java.lang.reflect.Method.invoke(Method.java:498)
	at org.apache.maven.surefire.util.ReflectionUtils.invokeMethodWithArray(ReflectionUtils.java:189)
	at org.apache.maven.surefire.booter.ProviderFactory$ProviderProxy.invoke(ProviderFactory.java:165)
	at org.apache.maven.surefire.booter.ProviderFactory.invokeProvider(ProviderFactory.java:85)
	at org.apache.maven.surefire.booter.ForkedBooter.runSuitesInProcess(ForkedBooter.java:115)
	at org.apache.maven.surefire.booter.ForkedBooter.main(ForkedBooter.java:75)
Starting ChromeDriver 80.0.3987.106 (f68069574609230cf9b635cd784cfb1bf81bb53a-refs/branch-heads/3987@{#882}) on port 36198
Only local connections are allowed.
Please protect ports used by ChromeDriver and related test frameworks to prevent access by malicious code.
</system-err>
  </testcase>
  <testcase classname="com.crm.qa.testcases.LoginPageTest" name="loginPageTitleTest" time="7.616">
    <skipped/>
  </testcase>
</testsuite>